GET /api/contacts 200 2036 - 138.176 ms
POST /api/contacts 201 187 - 119.403 ms
GET /api/contacts 200 2224 - 392.183 ms
GET /api/contacts 200 2224 - 59.665 ms
GET /api/contacts/ 200 2224 - 127.544 ms
POST /api/contacts/ 201 190 - 118.662 ms
GET /api/contacts/ 200 2415 - 67.591 ms
GET /api/contacts/ 500 45 - 37.163 ms
GET /api/contacts/ 500 26 - 39.783 ms
GET /api/contacts/ 500 26 - 3.513 ms
GET /api/contacts/ 200 2415 - 108.736 ms
GET /api/contacts1/ 404 29 - 51.981 ms
GET /api/contacts/ 200 2415 - 74.788 ms
DELETE /api/contacts/6637ea517b3f541e6fa3c709 200 28 - 175.967 ms
DELETE /api/contacts/6637ea517b3f541e6fa3c709 404 23 - 47.282 ms
GET /api/contacts/6637ea517b3f541e6fa3c709 404 23 - 92.605 ms
GET /api/contacts/ 200 2224 - 70.352 ms
POST /api/contacts/663670891ab7483f850a8f00/favorite 404 29 - 16.817 ms
POST /api/contacts/ 400 34 - 2.966 ms
POST /api/contacts/ 400 34 - 16.709 ms
POST /api/contacts/ 400 34 - 1.268 ms
POST /api/contacts/ 400 54 - 1.672 ms
POST /api/contacts/ 400 54 - 12.965 ms
POST /api/contacts/ 400 54 - 18.065 ms
POST /api/contacts/ 400 54 - 1.560 ms
POST /api/contacts/ 400 54 - 0.547 ms
POST /api/contacts/ 400 35 - 4.191 ms
POST /api/contacts/ 201 190 - 81.592 ms
GET /api/contacts/66386cbf56059b7be2b7ebf8 200 190 - 80.606 ms
GET /api/contacts/66386cbf56059b7be2b7e 400 53 - 1.928 ms
